<?xml version="1.0" encoding="UTF-8"?>
<!-- Generated by org.testng.reporters.JUnitXMLReporter -->
<testsuite ignored="0" hostname="DESKTOP-MRV9ANE" failures="0" tests="3" name="Test" time="7.009" errors="0" timestamp="2023-04-05T15:57:19 IST">
  <testcase classname="test_class.put_TC1" name="orchestrator" time="4.912"/>
  <testcase classname="test_class.get_TC1" name="orchestrator" time="0.874"/>
  <testcase classname="test_class.patch_TC1" name="orchestrator" time="1.039"/>
</testsuite> <!-- Test -->
